<?xml version="1.0" encoding="UTF-8"?>
<!-- Generated by org.testng.reporters.JUnitReportReporter -->
<testsuite hostname="Ayyappas-MacBook-Air.local" failures="0" tests="1" name="basic.rest.jsonval.Assignment1" time="3.741" errors="0" timestamp="2022-04-24T00:53:15 IST" skipped="0">
  <testcase classname="basic.rest.jsonval.Assignment1" name="createGitHubRepo" time="3.741"/>
</testsuite> <!-- basic.rest.jsonval.Assignment1 -->
