<?xml version="1.0" encoding="UTF-8"?>
<!-- Generated by org.testng.reporters.JUnitReportReporter -->
<testsuite hostname="Ayyappas-MacBook-Air.local" failures="0" tests="2" name="basic.rest.pojo.DataSerializeandDeserialize" time="0.766" errors="0" timestamp="2022-04-24T01:39:47 IST" skipped="0">
  <testcase classname="basic.rest.pojo.DataSerializeandDeserialize" name="getPOJOFromObject" time="0.091"/>
  <testcase classname="basic.rest.pojo.DataSerializeandDeserialize" name="createDataFromPOJO" time="0.675"/>
</testsuite> <!-- basic.rest.pojo.DataSerializeandDeserialize -->
