<?xml version="1.0" encoding="UTF-8"?>
<!-- Generated by org.testng.reporters.JUnitReportReporter -->
<testsuite hostname="Ayyappas-MacBook-Air.local" failures="0" tests="2" name="basic.rest.pojo.JSONarraySerialization" time="0.496" errors="0" timestamp="2022-04-24T01:58:26 IST" skipped="0">
  <testcase classname="basic.rest.pojo.JSONarraySerialization" name="createJSONarrayPOJO" time="0.436"/>
  <testcase classname="basic.rest.pojo.JSONarraySerialization" name="getPOJOFromObj" time="0.060"/>
</testsuite> <!-- basic.rest.pojo.JSONarraySerialization -->
