<?xml version="1.0" encoding="UTF-8"?>
<!-- Generated by org.testng.reporters.JUnitReportReporter -->
<testsuite hostname="Ayyappas-MacBook-Air.local" failures="0" tests="1" name="basic.rest.jsonval.JSONRes" time="4.282" errors="0" timestamp="2022-04-24T01:01:08 IST" skipped="0">
  <testcase classname="basic.rest.jsonval.JSONRes" name="verifyResponseBody" time="4.282"/>
</testsuite> <!-- basic.rest.jsonval.JSONRes -->
