<?xml version="1.0" encoding="UTF-8"?>
<!-- Generated by org.testng.reporters.JUnitReportReporter -->
<testsuite hostname="Ayyappas-MacBook-Air.local" failures="0" tests="1" name="basic.rest.getcall.Verifypostmethod" time="5.211" errors="0" timestamp="2022-04-23T22:00:54 IST" skipped="0">
  <testcase classname="basic.rest.getcall.Verifypostmethod" name="verifyResponseHeaders" time="5.211"/>
</testsuite> <!-- basic.rest.getcall.Verifypostmethod -->
