<?xml version="1.0" encoding="UTF-8"?>
<!-- Generated by org.testng.reporters.JUnitReportReporter -->
<testsuite hostname="Ayyappas-MacBook-Air.local" failures="0" tests="2" name="basic.rest.getcall.Verifyresponsetext" time="5.151" errors="0" timestamp="2022-04-23T23:03:52 IST" skipped="0">
  <testcase classname="basic.rest.getcall.Verifyresponsetext" name="verifyResponseBody" time="4.554"/>
  <testcase classname="basic.rest.getcall.Verifyresponsetext" name="verifyResponseHeaders" time="0.597"/>
</testsuite> <!-- basic.rest.getcall.Verifyresponsetext -->
