<?xml version="1.0" encoding="UTF-8"?>
<!-- Generated by org.testng.reporters.JUnitReportReporter -->
<testsuite hostname="Ayyappas-MacBook-Air.local" failures="0" tests="1" name="basic.rest.getcall.Extractresponse" time="4.102" errors="0" timestamp="2022-04-23T22:40:12 IST" skipped="0">
  <testcase classname="basic.rest.getcall.Extractresponse" name="createGitHubRepo" time="4.102"/>
</testsuite> <!-- basic.rest.getcall.Extractresponse -->
