<?xml version="1.0" encoding="UTF-8"?>
<!-- Generated by org.testng.reporters.JUnitReportReporter -->
<testsuite hostname="Ayyappas-MacBook-Air.local" failures="0" tests="1" name="basic.rest.getcall.CreateGitHubRepo" time="4.933" errors="0" timestamp="2022-04-23T22:26:07 IST" skipped="0">
  <testcase classname="basic.rest.getcall.CreateGitHubRepo" name="createGitHubRepo" time="4.933"/>
</testsuite> <!-- basic.rest.getcall.CreateGitHubRepo -->
